<?xml version="1.0" encoding="UTF-8"?>
<testsuite xmlns:xsi="http://www.w3.org/2001/XMLSchema-instance" xsi:noNamespaceSchemaLocation="https://maven.apache.org/surefire/maven-surefire-plugin/xsd/surefire-test-report-3.0.xsd" version="3.0" name="org.mainfest.devSquare.DevSqaure.DevSqaureApplicationTests" time="22.358" tests="1" errors="0" skipped="0" failures="0">
  <properties>
[...]
</properties>
  <testcase name="addUser" classname="org.mainfest.devSquare.DevSqaure.DevSqaureApplicationTests" time="0.84">
    <system-out><![CDATA[12:33:48.730 [main] INFO org.springframework.test.context.support.AnnotationConfigContextLoaderUtils -- Could not detect default configuration classes for test class [org.mainfest.devSquare.DevSqaure.DevSqaureApplicationTests]: DevSqaureApplicationTests does not declare any static, non-private, non-final, nested classes annotated with @Configuration.
12:33:48.867 [main] INFO org.springframework.boot.test.context.SpringBootTestContextBootstrapper -- Found @SpringBootConfiguration org.mainfest.devSquare.DevSqaure.DevSqaureApplication for test class org.mainfest.devSquare.DevSqaure.DevSqaureApplicationTests

  .   ____          _            __ _ _
 /\\ / ___'_ __ _ _(_)_ __  __ _ \ \ \ \
( ( )\___ | '_ | '_| | '_ \/ _` | \ \ \ \
 \\/  ___)| |_)| | | | | || (_| |  ) ) ) )
  '  |____| .__|_| |_|_| |_\__, | / / / /
 =========|_|==============|___/=/_/_/_/

 :: Spring Boot ::                (v3.3.2)

2024-10-10T12:33:49.410+05:30  INFO 21776 --- [DevSquare] [           main] o.m.d.D.DevSqaureApplicationTests        : Starting DevSqaureApplicationTests using Java 17.0.11 with PID 21776 (started by mohda in C:\Users\mohda\Desktop\DevSqaure_mainService\DevSqaure)
2024-10-10T12:33:49.412+05:30  INFO 21776 --- [DevSquare] [           main] o.m.d.D.DevSqaureApplicationTests        : No active profile set, falling back to 1 default profile: "default"
2024-10-10T12:33:50.222+05:30  INFO 21776 --- [DevSquare] [           main] .s.d.r.c.RepositoryConfigurationDelegate : Bootstrapping Spring Data MongoDB repositories in DEFAULT mode.
2024-10-10T12:33:50.525+05:30  INFO 21776 --- [DevSquare] [           main] .s.d.r.c.RepositoryConfigurationDelegate : Finished Spring Data repository scanning in 296 ms. Found 3 MongoDB repository interfaces.
2024-10-10T12:33:51.191+05:30  INFO 21776 --- [DevSquare] [uhr.mongodb.net] org.mongodb.driver.cluster               : Adding discovered server devcluster-shard-00-00.97uhr.mongodb.net:27017 to client view of cluster
2024-10-10T12:33:51.230+05:30  INFO 21776 --- [DevSquare] [           main] org.mongodb.driver.client                : MongoClient with metadata {"application": {"name": "DevCluster"}, "driver": {"name": "mongo-java-driver|sync|spring-boot", "version": "5.0.1"}, "os": {"type": "Windows", "name": "Windows 11", "architecture": "amd64", "version": "10.0"}, "platform": "Java/Amazon.com Inc./17.0.11+9-LTS"} created with settings MongoClientSettings{readPreference=primary, writeConcern=WriteConcern{w=majority, wTimeout=null ms, journal=null}, retryWrites=true, retryReads=true, readConcern=ReadConcern{level=null}, credential=MongoCredential{mechanism=null, userName='Ayan', source='admin', password=<hidden>, mechanismProperties=<hidden>}, transportSettings=null, commandListeners=[], codecRegistry=ProvidersCodecRegistry{codecProviders=[ValueCodecProvider{}, BsonValueCodecProvider{}, DBRefCodecProvider{}, DBObjectCodecProvider{}, DocumentCodecProvider{}, CollectionCodecProvider{}, IterableCodecProvider{}, MapCodecProvider{}, GeoJsonCodecProvider{}, GridFSFileCodecProvider{}, Jsr310CodecProvider{}, JsonObjectCodecProvider{}, BsonCodecProvider{}, EnumCodecProvider{}, com.mongodb.client.model.mql.ExpressionCodecProvider@19b5214b, com.mongodb.Jep395RecordCodecProvider@5fb3111a, com.mongodb.KotlinCodecProvider@4aaecabd]}, loggerSettings=LoggerSettings{maxDocumentLength=1000}, clusterSettings={hosts=[127.0.0.1:27017], srvHost=devcluster.97uhr.mongodb.net, srvServiceName=mongodb, mode=MULTIPLE, requiredClusterType=REPLICA_SET, requiredReplicaSetName='atlas-96wny7-shard-0', serverSelector='null', clusterListeners='[]', serverSelectionTimeout='30000 ms', localThreshold='15 ms'}, socketSettings=SocketSettings{connectTimeoutMS=10000, readTimeoutMS=0, receiveBufferSize=0, proxySettings=ProxySettings{host=null, port=null, username=null, password=null}}, heartbeatSocketSettings=SocketSettings{connectTimeoutMS=10000, readTimeoutMS=10000, receiveBufferSize=0, proxySettings=ProxySettings{host=null, port=null, username=null, password=null}}, connectionPoolSettings=ConnectionPoolSettings{maxSize=100, minSize=0, maxWaitTimeMS=120000, maxConnectionLifeTimeMS=0, maxConnectionIdleTimeMS=0, maintenanceInitialDelayMS=0, maintenanceFrequencyMS=60000, connectionPoolListeners=[], maxConnecting=2}, serverSettings=ServerSettings{heartbeatFrequencyMS=10000, minHeartbeatFrequencyMS=500, serverListeners='[]', serverMonitorListeners='[]'}, sslSettings=SslSettings{enabled=true, invalidHostNameAllowed=false, context=null}, applicationName='DevCluster', compressorList=[], uuidRepresentation=JAVA_LEGACY, serverApi=null, autoEncryptionSettings=null, dnsClient=null, inetAddressResolver=null, contextProvider=null}
2024-10-10T12:33:51.238+05:30  INFO 21776 --- [DevSquare] [uhr.mongodb.net] org.mongodb.driver.cluster               : Adding discovered server devcluster-shard-00-01.97uhr.mongodb.net:27017 to client view of cluster
2024-10-10T12:33:51.246+05:30  INFO 21776 --- [DevSquare] [uhr.mongodb.net] org.mongodb.driver.cluster               : Adding discovered server devcluster-shard-00-02.97uhr.mongodb.net:27017 to client view of cluster
2024-10-10T12:33:51.745+05:30  INFO 21776 --- [DevSquare] [           main] org.mongodb.driver.cluster               : Waiting for server to become available for operation with ID 7. Remaining time: 30000 ms. Selector: WritableServerSelector, topology description: {type=REPLICA_SET, servers=[{address=devcluster-shard-00-02.97uhr.mongodb.net:27017, type=UNKNOWN, state=CONNECTING}, {address=devcluster-shard-00-00.97uhr.mongodb.net:27017, type=UNKNOWN, state=CONNECTING}, {address=devcluster-shard-00-01.97uhr.mongodb.net:27017, type=UNKNOWN, state=CONNECTING}].
2024-10-10T12:33:51.997+05:30  INFO 21776 --- [DevSquare] [ngodb.net:27017] org.mongodb.driver.cluster               : Monitor thread successfully connected to server with description ServerDescription{address=devcluster-shard-00-00.97uhr.mongodb.net:27017, type=REPLICA_SET_SECONDARY, state=CONNECTED, ok=true, minWireVersion=0, maxWireVersion=21, maxDocumentSize=16777216, logicalSessionTimeoutMinutes=30, roundTripTimeNanos=354009700, setName='atlas-96wny7-shard-0', canonicalAddress=devcluster-shard-00-00.97uhr.mongodb.net:27017, hosts=[devcluster-shard-00-02.97uhr.mongodb.net:27017, devcluster-shard-00-01.97uhr.mongodb.net:27017, devcluster-shard-00-00.97uhr.mongodb.net:27017], passives=[], arbiters=[], primary='devcluster-shard-00-01.97uhr.mongodb.net:27017', tagSet=TagSet{[Tag{name='availabilityZone', value='aps1-az1'}, Tag{name='diskState', value='READY'}, Tag{name='nodeType', value='ELECTABLE'}, Tag{name='provider', value='AWS'}, Tag{name='region', value='AP_SOUTH_1'}, Tag{name='workloadType', value='OPERATIONAL'}]}, electionId=null, setVersion=1, topologyVersion=TopologyVersion{processId=6700b82415a5314ad35c222a, counter=4}, lastWriteDate=Thu Oct 10 12:33:48 IST 2024, lastUpdateTimeNanos=5078183124195100}
2024-10-10T12:33:51.998+05:30  INFO 21776 --- [DevSquare] [ngodb.net:27017] org.mongodb.driver.cluster               : Monitor thread successfully connected to server with description ServerDescription{address=devcluster-shard-00-01.97uhr.mongodb.net:27017, type=REPLICA_SET_PRIMARY, state=CONNECTED, ok=true, minWireVersion=0, maxWireVersion=21, maxDocumentSize=16777216, logicalSessionTimeoutMinutes=30, roundTripTimeNanos=348849700, setName='atlas-96wny7-shard-0', canonicalAddress=devcluster-shard-00-01.97uhr.mongodb.net:27017, hosts=[devcluster-shard-00-02.97uhr.mongodb.net:27017, devcluster-shard-00-01.97uhr.mongodb.net:27017, devcluster-shard-00-00.97uhr.mongodb.net:27017], passives=[], arbiters=[], primary='devcluster-shard-00-01.97uhr.mongodb.net:27017', tagSet=TagSet{[Tag{name='availabilityZone', value='aps1-az3'}, Tag{name='diskState', value='READY'}, Tag{name='nodeType', value='ELECTABLE'}, Tag{name='provider', value='AWS'}, Tag{name='region', value='AP_SOUTH_1'}, Tag{name='workloadType', value='OPERATIONAL'}]}, electionId=7fffffff0000000000000006, setVersion=1, topologyVersion=TopologyVersion{processId=6700b8ddb0ddd1d7564fbd23, counter=6}, lastWriteDate=Thu Oct 10 12:33:48 IST 2024, lastUpdateTimeNanos=5078183121936500}
2024-10-10T12:33:51.998+05:30  INFO 21776 --- [DevSquare] [ngodb.net:27017] org.mongodb.driver.cluster               : Monitor thread successfully connected to server with description ServerDescription{address=devcluster-shard-00-02.97uhr.mongodb.net:27017, type=REPLICA_SET_SECONDARY, state=CONNECTED, ok=true, minWireVersion=0, maxWireVersion=21, maxDocumentSize=16777216, logicalSessionTimeoutMinutes=30, roundTripTimeNanos=350234600, setName='atlas-96wny7-shard-0', canonicalAddress=devcluster-shard-00-02.97uhr.mongodb.net:27017, hosts=[devcluster-shard-00-02.97uhr.mongodb.net:27017, devcluster-shard-00-01.97uhr.mongodb.net:27017, devcluster-shard-00-00.97uhr.mongodb.net:27017], passives=[], arbiters=[], primary='devcluster-shard-00-01.97uhr.mongodb.net:27017', tagSet=TagSet{[Tag{name='availabilityZone', value='aps1-az2'}, Tag{name='diskState', value='READY'}, Tag{name='nodeType', value='ELECTABLE'}, Tag{name='provider', value='AWS'}, Tag{name='region', value='AP_SOUTH_1'}, Tag{name='workloadType', value='OPERATIONAL'}]}, electionId=null, setVersion=1, topologyVersion=TopologyVersion{processId=6700ba2e3e6cb17a4d02ea23, counter=3}, lastWriteDate=Thu Oct 10 12:33:48 IST 2024, lastUpdateTimeNanos=5078183126575000}
2024-10-10T12:33:52.002+05:30  INFO 21776 --- [DevSquare] [ngodb.net:27017] org.mongodb.driver.cluster               : Discovered replica set primary devcluster-shard-00-01.97uhr.mongodb.net:27017 with max election id 7fffffff0000000000000006 and max set version 1
2024-10-10T12:33:52.994+05:30  INFO 21776 --- [DevSquare] [           main] org.redisson.Version                     : Redisson 3.35.0
2024-10-10T12:33:54.598+05:30  INFO 21776 --- [DevSquare] [isson-netty-1-7] o.redisson.connection.ConnectionsHolder  : 1 connections initialized for redis-19647.c12.us-east-1-4.ec2.redns.redis-cloud.com/54.224.25.253:19647
2024-10-10T12:34:09.287+05:30  INFO 21776 --- [DevSquare] [sson-netty-1-20] o.redisson.connection.ConnectionsHolder  : 24 connections initialized for redis-19647.c12.us-east-1-4.ec2.redns.redis-cloud.com/54.224.25.253:19647
2024-10-10T12:34:09.348+05:30  WARN 21776 --- [DevSquare] [           main] r$InitializeUserDetailsManagerConfigurer : Global AuthenticationManager configured with an AuthenticationProvider bean. UserDetailsService beans will not be used for username/password login. Consider removing the AuthenticationProvider bean. Alternatively, consider using the UserDetailsService in a manually instantiated DaoAuthenticationProvider.
2024-10-10T12:34:10.036+05:30  INFO 21776 --- [DevSquare] [           main] o.s.m.s.b.SimpleBrokerMessageHandler     : Starting...
2024-10-10T12:34:10.039+05:30  INFO 21776 --- [DevSquare] [           main] o.s.m.s.b.SimpleBrokerMessageHandler     : BrokerAvailabilityEvent[available=true, SimpleBrokerMessageHandler [org.springframework.messaging.simp.broker.DefaultSubscriptionRegistry@46ff1aad]]
2024-10-10T12:34:10.040+05:30  INFO 21776 --- [DevSquare] [           main] o.s.m.s.b.SimpleBrokerMessageHandler     : Started.
2024-10-10T12:34:10.050+05:30  INFO 21776 --- [DevSquare] [           main] o.m.d.D.DevSqaureApplicationTests        : Started DevSqaureApplicationTests in 20.995 seconds (process running for 22.074)
]]></system-out>
  </testcase>
</testsuite>