<?xml version="1.0" encoding="UTF-8"?>
<testsuite xmlns:xsi="http://www.w3.org/2001/XMLSchema-instance" xsi:noNamespaceSchemaLocation="https://maven.apache.org/surefire/maven-surefire-plugin/xsd/surefire-test-report-3.0.xsd" version="3.0" name="org.mainfest.devSquare.DevSqaure.DevSqaureApplicationTests" time="39.657" tests="1" errors="0" skipped="0" failures="0">
  <properties>
[...]
</properties>
  <testcase name="initialize" classname="org.mainfest.devSquare.DevSqaure.DevSqaureApplicationTests" time="0.866">
    <system-out><![CDATA[12:55:04.409 [main] INFO org.springframework.test.context.support.AnnotationConfigContextLoaderUtils -- Could not detect default configuration classes for test class [org.mainfest.devSquare.DevSqaure.DevSqaureApplicationTests]: DevSqaureApplicationTests does not declare any static, non-private, non-final, nested classes annotated with @Configuration.
12:55:04.550 [main] INFO org.springframework.boot.test.context.SpringBootTestContextBootstrapper -- Found @SpringBootConfiguration org.mainfest.devSquare.DevSqaure.DevSqaureApplication for test class org.mainfest.devSquare.DevSqaure.DevSqaureApplicationTests

  .   ____          _            __ _ _
 /\\ / ___'_ __ _ _(_)_ __  __ _ \ \ \ \
( ( )\___ | '_ | '_| | '_ \/ _` | \ \ \ \
 \\/  ___)| |_)| | | | | || (_| |  ) ) ) )
  '  |____| .__|_| |_|_| |_\__, | / / / /
 =========|_|==============|___/=/_/_/_/

 :: Spring Boot ::                (v3.3.2)

2024-11-10T12:55:05.364+05:30  INFO 9440 --- [DevSquare] [           main] o.m.d.D.DevSqaureApplicationTests        : Starting DevSqaureApplicationTests using Java 21.0.5 with PID 9440 (started by mohda in C:\Users\mohda\Desktop\DevSqaure)
2024-11-10T12:55:05.364+05:30  INFO 9440 --- [DevSquare] [           main] o.m.d.D.DevSqaureApplicationTests        : No active profile set, falling back to 1 default profile: "default"
2024-11-10T12:55:06.253+05:30  INFO 9440 --- [DevSquare] [           main] .s.d.r.c.RepositoryConfigurationDelegate : Bootstrapping Spring Data MongoDB repositories in DEFAULT mode.
2024-11-10T12:55:06.471+05:30  INFO 9440 --- [DevSquare] [           main] .s.d.r.c.RepositoryConfigurationDelegate : Finished Spring Data repository scanning in 216 ms. Found 2 MongoDB repository interfaces.
2024-11-10T12:55:07.440+05:30  INFO 9440 --- [DevSquare] [uhr.mongodb.net] org.mongodb.driver.cluster               : Adding discovered server devcluster-shard-00-00.97uhr.mongodb.net:27017 to client view of cluster
2024-11-10T12:55:07.463+05:30  INFO 9440 --- [DevSquare] [           main] org.mongodb.driver.client                : MongoClient with metadata {"application": {"name": "DevCluster"}, "driver": {"name": "mongo-java-driver|sync|spring-boot", "version": "5.0.1"}, "os": {"type": "Windows", "name": "Windows 11", "architecture": "amd64", "version": "10.0"}, "platform": "Java/Amazon.com Inc./21.0.5+11-LTS"} created with settings MongoClientSettings{readPreference=primary, writeConcern=WriteConcern{w=majority, wTimeout=null ms, journal=null}, retryWrites=true, retryReads=true, readConcern=ReadConcern{level=null}, credential=MongoCredential{mechanism=null, userName='Ayan', source='admin', password=<hidden>, mechanismProperties=<hidden>}, transportSettings=null, commandListeners=[], codecRegistry=ProvidersCodecRegistry{codecProviders=[ValueCodecProvider{}, BsonValueCodecProvider{}, DBRefCodecProvider{}, DBObjectCodecProvider{}, DocumentCodecProvider{}, CollectionCodecProvider{}, IterableCodecProvider{}, MapCodecProvider{}, GeoJsonCodecProvider{}, GridFSFileCodecProvider{}, Jsr310CodecProvider{}, JsonObjectCodecProvider{}, BsonCodecProvider{}, EnumCodecProvider{}, com.mongodb.client.model.mql.ExpressionCodecProvider@794240e2, com.mongodb.Jep395RecordCodecProvider@74a820bf, com.mongodb.KotlinCodecProvider@5a30722c]}, loggerSettings=LoggerSettings{maxDocumentLength=1000}, clusterSettings={hosts=[127.0.0.1:27017], srvHost=devcluster.97uhr.mongodb.net, srvServiceName=mongodb, mode=MULTIPLE, requiredClusterType=REPLICA_SET, requiredReplicaSetName='atlas-96wny7-shard-0', serverSelector='null', clusterListeners='[]', serverSelectionTimeout='30000 ms', localThreshold='15 ms'}, socketSettings=SocketSettings{connectTimeoutMS=10000, readTimeoutMS=0, receiveBufferSize=0, proxySettings=ProxySettings{host=null, port=null, username=null, password=null}}, heartbeatSocketSettings=SocketSettings{connectTimeoutMS=10000, readTimeoutMS=10000, receiveBufferSize=0, proxySettings=ProxySettings{host=null, port=null, username=null, password=null}}, connectionPoolSettings=ConnectionPoolSettings{maxSize=100, minSize=0, maxWaitTimeMS=120000, maxConnectionLifeTimeMS=0, maxConnectionIdleTimeMS=0, maintenanceInitialDelayMS=0, maintenanceFrequencyMS=60000, connectionPoolListeners=[], maxConnecting=2}, serverSettings=ServerSettings{heartbeatFrequencyMS=10000, minHeartbeatFrequencyMS=500, serverListeners='[]', serverMonitorListeners='[]'}, sslSettings=SslSettings{enabled=true, invalidHostNameAllowed=false, context=null}, applicationName='DevCluster', compressorList=[], uuidRepresentation=JAVA_LEGACY, serverApi=null, autoEncryptionSettings=null, dnsClient=null, inetAddressResolver=null, contextProvider=null}
2024-11-10T12:55:07.483+05:30  INFO 9440 --- [DevSquare] [uhr.mongodb.net] org.mongodb.driver.cluster               : Adding discovered server devcluster-shard-00-01.97uhr.mongodb.net:27017 to client view of cluster
2024-11-10T12:55:07.486+05:30  INFO 9440 --- [DevSquare] [uhr.mongodb.net] org.mongodb.driver.cluster               : Adding discovered server devcluster-shard-00-02.97uhr.mongodb.net:27017 to client view of cluster
2024-11-10T12:55:08.016+05:30  INFO 9440 --- [DevSquare] [           main] org.mongodb.driver.cluster               : Waiting for server to become available for operation with ID 7. Remaining time: 30000 ms. Selector: WritableServerSelector, topology description: {type=REPLICA_SET, servers=[{address=devcluster-shard-00-02.97uhr.mongodb.net:27017, type=UNKNOWN, state=CONNECTING}, {address=devcluster-shard-00-00.97uhr.mongodb.net:27017, type=UNKNOWN, state=CONNECTING}, {address=devcluster-shard-00-01.97uhr.mongodb.net:27017, type=UNKNOWN, state=CONNECTING}].
2024-11-10T12:55:08.343+05:30  INFO 9440 --- [DevSquare] [ngodb.net:27017] org.mongodb.driver.cluster               : Monitor thread successfully connected to server with description ServerDescription{address=devcluster-shard-00-00.97uhr.mongodb.net:27017, type=REPLICA_SET_SECONDARY, state=CONNECTED, ok=true, minWireVersion=0, maxWireVersion=21, maxDocumentSize=16777216, logicalSessionTimeoutMinutes=30, roundTripTimeNanos=450227700, setName='atlas-96wny7-shard-0', canonicalAddress=devcluster-shard-00-00.97uhr.mongodb.net:27017, hosts=[devcluster-shard-00-02.97uhr.mongodb.net:27017, devcluster-shard-00-01.97uhr.mongodb.net:27017, devcluster-shard-00-00.97uhr.mongodb.net:27017], passives=[], arbiters=[], primary='devcluster-shard-00-01.97uhr.mongodb.net:27017', tagSet=TagSet{[Tag{name='availabilityZone', value='aps1-az1'}, Tag{name='diskState', value='READY'}, Tag{name='nodeType', value='ELECTABLE'}, Tag{name='provider', value='AWS'}, Tag{name='region', value='AP_SOUTH_1'}, Tag{name='workloadType', value='OPERATIONAL'}]}, electionId=null, setVersion=1, topologyVersion=TopologyVersion{processId=672282d00d217ba6b62eaca3, counter=4}, lastWriteDate=Sun Nov 10 12:54:35 IST 2024, lastUpdateTimeNanos=2075779522186000}
2024-11-10T12:55:08.343+05:30  INFO 9440 --- [DevSquare] [ngodb.net:27017] org.mongodb.driver.cluster               : Monitor thread successfully connected to server with description ServerDescription{address=devcluster-shard-00-02.97uhr.mongodb.net:27017, type=REPLICA_SET_SECONDARY, state=CONNECTED, ok=true, minWireVersion=0, maxWireVersion=21, maxDocumentSize=16777216, logicalSessionTimeoutMinutes=30, roundTripTimeNanos=450206500, setName='atlas-96wny7-shard-0', canonicalAddress=devcluster-shard-00-02.97uhr.mongodb.net:27017, hosts=[devcluster-shard-00-02.97uhr.mongodb.net:27017, devcluster-shard-00-01.97uhr.mongodb.net:27017, devcluster-shard-00-00.97uhr.mongodb.net:27017], passives=[], arbiters=[], primary='devcluster-shard-00-01.97uhr.mongodb.net:27017', tagSet=TagSet{[Tag{name='availabilityZone', value='aps1-az2'}, Tag{name='diskState', value='READY'}, Tag{name='nodeType', value='ELECTABLE'}, Tag{name='provider', value='AWS'}, Tag{name='region', value='AP_SOUTH_1'}, Tag{name='workloadType', value='OPERATIONAL'}]}, electionId=null, setVersion=1, topologyVersion=TopologyVersion{processId=672283204c8d23305cae6b55, counter=3}, lastWriteDate=Sun Nov 10 12:54:35 IST 2024, lastUpdateTimeNanos=2075779522186100}
2024-11-10T12:55:08.343+05:30  INFO 9440 --- [DevSquare] [ngodb.net:27017] org.mongodb.driver.cluster               : Monitor thread successfully connected to server with description ServerDescription{address=devcluster-shard-00-01.97uhr.mongodb.net:27017, type=REPLICA_SET_PRIMARY, state=CONNECTED, ok=true, minWireVersion=0, maxWireVersion=21, maxDocumentSize=16777216, logicalSessionTimeoutMinutes=30, roundTripTimeNanos=450228700, setName='atlas-96wny7-shard-0', canonicalAddress=devcluster-shard-00-01.97uhr.mongodb.net:27017, hosts=[devcluster-shard-00-02.97uhr.mongodb.net:27017, devcluster-shard-00-01.97uhr.mongodb.net:27017, devcluster-shard-00-00.97uhr.mongodb.net:27017], passives=[], arbiters=[], primary='devcluster-shard-00-01.97uhr.mongodb.net:27017', tagSet=TagSet{[Tag{name='availabilityZone', value='aps1-az3'}, Tag{name='diskState', value='READY'}, Tag{name='nodeType', value='ELECTABLE'}, Tag{name='provider', value='AWS'}, Tag{name='region', value='AP_SOUTH_1'}, Tag{name='workloadType', value='OPERATIONAL'}]}, electionId=7fffffff000000000000000a, setVersion=1, topologyVersion=TopologyVersion{processId=672282f715cdecc57a4b268e, counter=6}, lastWriteDate=Sun Nov 10 12:54:35 IST 2024, lastUpdateTimeNanos=2075779522186000}
2024-11-10T12:55:08.346+05:30  INFO 9440 --- [DevSquare] [ngodb.net:27017] org.mongodb.driver.cluster               : Discovered replica set primary devcluster-shard-00-01.97uhr.mongodb.net:27017 with max election id 7fffffff000000000000000a and max set version 1
2024-11-10T12:55:09.301+05:30  INFO 9440 --- [DevSquare] [           main] org.redisson.Version                     : Redisson 3.35.0
2024-11-10T12:55:23.980+05:30  INFO 9440 --- [DevSquare] [isson-netty-1-7] o.redisson.connection.ConnectionsHolder  : 1 connections initialized for singapore-redis.render.com/52.74.150.82:6379
2024-11-10T12:55:30.728+05:30  INFO 9440 --- [DevSquare] [sson-netty-1-23] o.redisson.connection.ConnectionsHolder  : 1 connections initialized for singapore-redis.render.com/52.74.150.82:6379
2024-11-10T12:55:42.007+05:30  INFO 9440 --- [DevSquare] [isson-netty-1-4] o.redisson.connection.ConnectionsHolder  : 24 connections initialized for singapore-redis.render.com/52.74.150.82:6379
2024-11-10T12:55:42.054+05:30  WARN 9440 --- [DevSquare] [           main] r$InitializeUserDetailsManagerConfigurer : Global AuthenticationManager configured with an AuthenticationProvider bean. UserDetailsService beans will not be used for username/password login. Consider removing the AuthenticationProvider bean. Alternatively, consider using the UserDetailsService in a manually instantiated DaoAuthenticationProvider.
2024-11-10T12:55:42.779+05:30  INFO 9440 --- [DevSquare] [           main] o.s.m.s.b.SimpleBrokerMessageHandler     : Starting...
2024-11-10T12:55:42.779+05:30  INFO 9440 --- [DevSquare] [           main] o.s.m.s.b.SimpleBrokerMessageHandler     : BrokerAvailabilityEvent[available=true, SimpleBrokerMessageHandler [org.springframework.messaging.simp.broker.DefaultSubscriptionRegistry@430f0c63]]
2024-11-10T12:55:42.779+05:30  INFO 9440 --- [DevSquare] [           main] o.s.m.s.b.SimpleBrokerMessageHandler     : Started.
2024-11-10T12:55:42.799+05:30  INFO 9440 --- [DevSquare] [           main] o.m.d.D.DevSqaureApplicationTests        : Started DevSqaureApplicationTests in 37.968 seconds (process running for 39.662)
2024-11-10T12:55:42.864+05:30  INFO 9440 --- [DevSquare] [       Thread-2] org.mongodb.driver.client                : MongoClient with metadata {"application": {"name": "DevCluster"}, "driver": {"name": "mongo-java-driver|sync", "version": "5.0.1"}, "os": {"type": "Windows", "name": "Windows 11", "architecture": "amd64", "version": "10.0"}, "platform": "Java/Amazon.com Inc./21.0.5+11-LTS"} created with settings MongoClientSettings{readPreference=primary, writeConcern=WriteConcern{w=majority, wTimeout=null ms, journal=null}, retryWrites=true, retryReads=true, readConcern=ReadConcern{level=null}, credential=MongoCredential{mechanism=null, userName='Ayan', source='admin', password=<hidden>, mechanismProperties=<hidden>}, transportSettings=null, commandListeners=[], codecRegistry=ProvidersCodecRegistry{codecProviders=[ValueCodecProvider{}, BsonValueCodecProvider{}, DBRefCodecProvider{}, DBObjectCodecProvider{}, DocumentCodecProvider{}, CollectionCodecProvider{}, IterableCodecProvider{}, MapCodecProvider{}, GeoJsonCodecProvider{}, GridFSFileCodecProvider{}, Jsr310CodecProvider{}, JsonObjectCodecProvider{}, BsonCodecProvider{}, EnumCodecProvider{}, com.mongodb.client.model.mql.ExpressionCodecProvider@794240e2, com.mongodb.Jep395RecordCodecProvider@74a820bf, com.mongodb.KotlinCodecProvider@5a30722c]}, loggerSettings=LoggerSettings{maxDocumentLength=1000}, clusterSettings={hosts=[127.0.0.1:27017], srvHost=devcluster.97uhr.mongodb.net, srvServiceName=mongodb, mode=MULTIPLE, requiredClusterType=REPLICA_SET, requiredReplicaSetName='atlas-96wny7-shard-0', serverSelector='null', clusterListeners='[]', serverSelectionTimeout='30000 ms', localThreshold='15 ms'}, socketSettings=SocketSettings{connectTimeoutMS=10000, readTimeoutMS=0, receiveBufferSize=0, proxySettings=ProxySettings{host=null, port=null, username=null, password=null}}, heartbeatSocketSettings=SocketSettings{connectTimeoutMS=10000, readTimeoutMS=10000, receiveBufferSize=0, proxySettings=ProxySettings{host=null, port=null, username=null, password=null}}, connectionPoolSettings=ConnectionPoolSettings{maxSize=100, minSize=0, maxWaitTimeMS=120000, maxConnectionLifeTimeMS=0, maxConnectionIdleTimeMS=0, maintenanceInitialDelayMS=0, maintenanceFrequencyMS=60000, connectionPoolListeners=[], maxConnecting=2}, serverSettings=ServerSettings{heartbeatFrequencyMS=10000, minHeartbeatFrequencyMS=500, serverListeners='[]', serverMonitorListeners='[]'}, sslSettings=SslSettings{enabled=true, invalidHostNameAllowed=false, context=null}, applicationName='DevCluster', compressorList=[], uuidRepresentation=UNSPECIFIED, serverApi=null, autoEncryptionSettings=null, dnsClient=null, inetAddressResolver=null, contextProvider=null}
2024-11-10T12:55:42.897+05:30  INFO 9440 --- [DevSquare] [uhr.mongodb.net] org.mongodb.driver.cluster               : Adding discovered server devcluster-shard-00-00.97uhr.mongodb.net:27017 to client view of cluster
2024-11-10T12:55:42.897+05:30  INFO 9440 --- [DevSquare] [uhr.mongodb.net] org.mongodb.driver.cluster               : Adding discovered server devcluster-shard-00-01.97uhr.mongodb.net:27017 to client view of cluster
2024-11-10T12:55:42.897+05:30  INFO 9440 --- [DevSquare] [uhr.mongodb.net] org.mongodb.driver.cluster               : Adding discovered server devcluster-shard-00-02.97uhr.mongodb.net:27017 to client view of cluster
2024-11-10T12:55:42.935+05:30  INFO 9440 --- [DevSquare] [       Thread-2] org.mongodb.driver.cluster               : Waiting for server to become available for operation with ID 20. Remaining time: 30000 ms. Selector: ReadPreferenceServerSelector{readPreference=primary}, topology description: {type=REPLICA_SET, servers=[{address=devcluster-shard-00-02.97uhr.mongodb.net:27017, type=UNKNOWN, state=CONNECTING}, {address=devcluster-shard-00-00.97uhr.mongodb.net:27017, type=UNKNOWN, state=CONNECTING}, {address=devcluster-shard-00-01.97uhr.mongodb.net:27017, type=UNKNOWN, state=CONNECTING}].
2024-11-10T12:55:43.055+05:30  INFO 9440 --- [DevSquare] [ngodb.net:27017] org.mongodb.driver.cluster               : Monitor thread successfully connected to server with description ServerDescription{address=devcluster-shard-00-00.97uhr.mongodb.net:27017, type=REPLICA_SET_SECONDARY, state=CONNECTED, ok=true, minWireVersion=0, maxWireVersion=21, maxDocumentSize=16777216, logicalSessionTimeoutMinutes=30, roundTripTimeNanos=80871200, setName='atlas-96wny7-shard-0', canonicalAddress=devcluster-shard-00-00.97uhr.mongodb.net:27017, hosts=[devcluster-shard-00-02.97uhr.mongodb.net:27017, devcluster-shard-00-01.97uhr.mongodb.net:27017, devcluster-shard-00-00.97uhr.mongodb.net:27017], passives=[], arbiters=[], primary='devcluster-shard-00-01.97uhr.mongodb.net:27017', tagSet=TagSet{[Tag{name='availabilityZone', value='aps1-az1'}, Tag{name='diskState', value='READY'}, Tag{name='nodeType', value='ELECTABLE'}, Tag{name='provider', value='AWS'}, Tag{name='region', value='AP_SOUTH_1'}, Tag{name='workloadType', value='OPERATIONAL'}]}, electionId=null, setVersion=1, topologyVersion=TopologyVersion{processId=672282d00d217ba6b62eaca3, counter=4}, lastWriteDate=Sun Nov 10 12:55:15 IST 2024, lastUpdateTimeNanos=2075814240579100}
2024-11-10T12:55:43.071+05:30  INFO 9440 --- [DevSquare] [ngodb.net:27017] org.mongodb.driver.cluster               : Monitor thread successfully connected to server with description ServerDescription{address=devcluster-shard-00-02.97uhr.mongodb.net:27017, type=REPLICA_SET_SECONDARY, state=CONNECTED, ok=true, minWireVersion=0, maxWireVersion=21, maxDocumentSize=16777216, logicalSessionTimeoutMinutes=30, roundTripTimeNanos=93298500, setName='atlas-96wny7-shard-0', canonicalAddress=devcluster-shard-00-02.97uhr.mongodb.net:27017, hosts=[devcluster-shard-00-02.97uhr.mongodb.net:27017, devcluster-shard-00-01.97uhr.mongodb.net:27017, devcluster-shard-00-00.97uhr.mongodb.net:27017], passives=[], arbiters=[], primary='devcluster-shard-00-01.97uhr.mongodb.net:27017', tagSet=TagSet{[Tag{name='availabilityZone', value='aps1-az2'}, Tag{name='diskState', value='READY'}, Tag{name='nodeType', value='ELECTABLE'}, Tag{name='provider', value='AWS'}, Tag{name='region', value='AP_SOUTH_1'}, Tag{name='workloadType', value='OPERATIONAL'}]}, electionId=null, setVersion=1, topologyVersion=TopologyVersion{processId=672283204c8d23305cae6b55, counter=3}, lastWriteDate=Sun Nov 10 12:55:15 IST 2024, lastUpdateTimeNanos=2075814260151200}
2024-11-10T12:55:43.086+05:30  INFO 9440 --- [DevSquare] [ngodb.net:27017] org.mongodb.driver.cluster               : Monitor thread successfully connected to server with description ServerDescription{address=devcluster-shard-00-01.97uhr.mongodb.net:27017, type=REPLICA_SET_PRIMARY, state=CONNECTED, ok=true, minWireVersion=0, maxWireVersion=21, maxDocumentSize=16777216, logicalSessionTimeoutMinutes=30, roundTripTimeNanos=112329400, setName='atlas-96wny7-shard-0', canonicalAddress=devcluster-shard-00-01.97uhr.mongodb.net:27017, hosts=[devcluster-shard-00-02.97uhr.mongodb.net:27017, devcluster-shard-00-01.97uhr.mongodb.net:27017, devcluster-shard-00-00.97uhr.mongodb.net:27017], passives=[], arbiters=[], primary='devcluster-shard-00-01.97uhr.mongodb.net:27017', tagSet=TagSet{[Tag{name='availabilityZone', value='aps1-az3'}, Tag{name='diskState', value='READY'}, Tag{name='nodeType', value='ELECTABLE'}, Tag{name='provider', value='AWS'}, Tag{name='region', value='AP_SOUTH_1'}, Tag{name='workloadType', value='OPERATIONAL'}]}, electionId=7fffffff000000000000000a, setVersion=1, topologyVersion=TopologyVersion{processId=672282f715cdecc57a4b268e, counter=6}, lastWriteDate=Sun Nov 10 12:55:15 IST 2024, lastUpdateTimeNanos=2075814274742000}
2024-11-10T12:55:43.086+05:30  INFO 9440 --- [DevSquare] [ngodb.net:27017] org.mongodb.driver.cluster               : Discovered replica set primary devcluster-shard-00-01.97uhr.mongodb.net:27017 with max election id 7fffffff000000000000000a and max set version 1
]]></system-out>
    <system-err><![CDATA[WARNING: A Java agent has been loaded dynamically (C:\Users\mohda\.m2\repository\net\bytebuddy\byte-buddy-agent\1.14.18\byte-buddy-agent-1.14.18.jar)
WARNING: If a serviceability tool is in use, please run with -XX:+EnableDynamicAgentLoading to hide this warning
WARNING: If a serviceability tool is not in use, please run with -Djdk.instrument.traceUsage for more information
WARNING: Dynamic loading of agents will be disallowed by default in a future release
]]></system-err>
  </testcase>
</testsuite>